<?xml version="1.0" encoding="UTF-8"?>
<!-- Generated by org.testng.reporters.JUnitXMLReporter -->
<testsuite ignored="16" hostname="DESKTOP-EQ39BFP" failures="0" tests="11" name="Command line test" time="67.874" errors="0" timestamp="2020-07-28T05:36:22 CDT">
  <testcase classname="testCases.Test_City_IsDisplayed" name="verifyTest_City_IsDisplayed" time="2.447"/>
  <testcase classname="testCases.Test_City_IsDisplayed" name="verify_test_city_isEnabled_in_the_search_filter_page" time="0.034"/>
  <testcase classname="testCases.Test_Count_All_The_Search_List_Item" name="Count_All_The_Search_List_Item" time="1.442"/>
  <testcase classname="testCases.Test_Gallery_Menu" name="Gallery_Menu" time="1.383"/>
  <testcase classname="testCases.Test_Gallery_Menu" name="gallery" time="0.407"/>
  <testcase classname="testCases.Test_Language_Change_E2E" name="Language_Change" time="26.047"/>
  <testcase classname="testCases.Test_Newest_Menu_Contains" name="Newest_Menu_Contains" time="1.092"/>
  <testcase classname="testCases.Test_Save_Search_Properly" name="Save_Search_IsDisplayed" time="3.678"/>
  <testcase classname="testCases.Test_Verfi_See" name="link" time="0.001"/>
  <testcase classname="testCases.Test_Verify_Event_Calender" name="Verify_event_calendar_link_is_displayed" time="0.103"/>
  <testcase classname="testCases.Test_Verify_Event_Calender" name="event_calendar_is_Clickable" time="0.063"/>
  <testcase classname="base.BaseClass" name="@AfterSuite tearDowm" time="0.0">
    <ignored/>
  </testcase> <!-- @AfterSuite tearDowm -->
  <testcase classname="base.BaseClass" name="@AfterSuite tearDowm" time="0.0">
    <ignored/>
  </testcase> <!-- @AfterSuite tearDowm -->
  <testcase classname="base.BaseClass" name="@AfterSuite tearDowm" time="0.0">
    <ignored/>
  </testcase> <!-- @AfterSuite tearDowm -->
  <testcase classname="base.BaseClass" name="@AfterSuite tearDowm" time="0.0">
    <ignored/>
  </testcase> <!-- @AfterSuite tearDowm -->
  <testcase classname="base.BaseClass" name="@AfterSuite tearDowm" time="0.0">
    <ignored/>
  </testcase> <!-- @AfterSuite tearDowm -->
  <testcase classname="base.BaseClass" name="@AfterSuite tearDowm" time="0.0">
    <ignored/>
  </testcase> <!-- @AfterSuite tearDowm -->
  <testcase classname="base.BaseClass" name="@AfterSuite tearDowm" time="0.0">
    <ignored/>
  </testcase> <!-- @AfterSuite tearDowm -->
  <testcase classname="base.BaseClass" name="@AfterSuite tearDowm" time="0.0">
    <ignored/>
  </testcase> <!-- @AfterSuite tearDowm -->
  <testcase classname="base.BaseClass" name="@BeforeSuite setup" time="0.0">
    <ignored/>
  </testcase> <!-- @BeforeSuite setup -->
  <testcase classname="base.BaseClass" name="@BeforeSuite setup" time="0.0">
    <ignored/>
  </testcase> <!-- @BeforeSuite setup -->
  <testcase classname="base.BaseClass" name="@BeforeSuite setup" time="0.0">
    <ignored/>
  </testcase> <!-- @BeforeSuite setup -->
  <testcase classname="base.BaseClass" name="@BeforeSuite setup" time="0.0">
    <ignored/>
  </testcase> <!-- @BeforeSuite setup -->
  <testcase classname="base.BaseClass" name="@BeforeSuite setup" time="0.0">
    <ignored/>
  </testcase> <!-- @BeforeSuite setup -->
  <testcase classname="base.BaseClass" name="@BeforeSuite setup" time="0.0">
    <ignored/>
  </testcase> <!-- @BeforeSuite setup -->
  <testcase classname="base.BaseClass" name="@BeforeSuite setup" time="0.0">
    <ignored/>
  </testcase> <!-- @BeforeSuite setup -->
  <testcase classname="base.BaseClass" name="@BeforeSuite setup" time="0.0">
    <ignored/>
  </testcase> <!-- @BeforeSuite setup -->
</testsuite> <!-- Command line test -->
