<?xml version="1.0" encoding="UTF-8"?>
<!-- Generated by org.testng.reporters.JUnitXMLReporter -->
<testsuite ignored="0" hostname="DESKTOP-H0L15R2" failures="23" tests="24" name="Test" time="5.326" errors="0" timestamp="2020-07-18T00:12:11 CDT">
  <testcase classname="testCases.Test_Newest_Menu_Contains" name="Newest_Menu_Contains" time="0.011">
    <failure type="java.lang.NullPointerException">
      <![CDATA[java.lang.NullPointerException
at testCases.Test_Newest_Menu_Contains.Newest_Menu_Contains(Test_Newest_Menu_Contains.java:19)
at java.base/java.util.ArrayList.forEach(ArrayList.java:1540)
... Removed 27 stack frames]]>
    </failure>
  </testcase> <!-- Newest_Menu_Contains -->
  <testcase classname="testCases.Test_Gallery_Menu" name="Gallery_Menu" time="0.01">
    <failure type="java.lang.NullPointerException">
      <![CDATA[java.lang.NullPointerException
at testCases.Test_Gallery_Menu.Gallery_Menu(Test_Gallery_Menu.java:21)
at java.base/java.util.ArrayList.forEach(ArrayList.java:1540)
... Removed 27 stack frames]]>
    </failure>
  </testcase> <!-- Gallery_Menu -->
  <testcase classname="testCases.Test_Gallery_Menu" name="gallery" time="0.003">
    <failure type="java.lang.NullPointerException">
      <![CDATA[java.lang.NullPointerException
at testCases.Test_Gallery_Menu.gallery(Test_Gallery_Menu.java:44)
at java.base/java.util.ArrayList.forEach(ArrayList.java:1540)
... Removed 27 stack frames]]>
    </failure>
  </testcase> <!-- gallery -->
  <testcase classname="testCases.Test_Verify_Event_Calender" name="Verify_event_calendar_link_is_displayed" time="0.008">
    <failure type="java.lang.NullPointerException">
      <![CDATA[java.lang.NullPointerException
at testCases.Test_Verify_Event_Calender.Verify_event_calendar_link_is_displayed(Test_Verify_Event_Calender.java:15)
at java.base/java.util.ArrayList.forEach(ArrayList.java:1540)
... Removed 27 stack frames]]>
    </failure>
  </testcase> <!-- Verify_event_calendar_link_is_displayed -->
  <testcase classname="testCases.Test_Verify_Event_Calender" name="event_calendar_is_Clickable" time="0.009">
    <failure type="java.lang.AssertionError" message="expected [true] but found [false]">
      <![CDATA[java.lang.AssertionError: expected [true] but found [false]
at testCases.Test_Verify_Event_Calender.event_calendar_is_Clickable(Test_Verify_Event_Calender.java:26)
at java.base/java.util.ArrayList.forEach(ArrayList.java:1540)
... Removed 32 stack frames]]>
    </failure>
  </testcase> <!-- event_calendar_is_Clickable -->
  <testcase classname="testCases.Test_Sum_All_The_search_List_Price" name="Sum_all_the_list_prices" time="0.002">
    <failure type="java.lang.NullPointerException">
      <![CDATA[java.lang.NullPointerException
at testCases.Test_Sum_All_The_search_List_Price.Sum_all_the_list_prices(Test_Sum_All_The_search_List_Price.java:19)
at java.base/java.util.ArrayList.forEach(ArrayList.java:1540)
... Removed 27 stack frames]]>
    </failure>
  </testcase> <!-- Sum_all_the_list_prices -->
  <testcase classname="testCases.Test_Map_Displayed" name="Map_Displayed" time="0.004">
    <failure type="java.lang.NullPointerException">
      <![CDATA[java.lang.NullPointerException
at testCases.Test_Map_Displayed.Map_Displayed(Test_Map_Displayed.java:19)
at java.base/java.util.ArrayList.forEach(ArrayList.java:1540)
... Removed 27 stack frames]]>
    </failure>
  </testcase> <!-- Map_Displayed -->
  <testcase classname="testCases.Test_HomePage_E2E" name="home_page_Status" time="0.005">
    <failure type="java.lang.NullPointerException">
      <![CDATA[java.lang.NullPointerException
at testCases.Test_HomePage_E2E.home_page_Status(Test_HomePage_E2E.java:15)
at java.base/java.util.ArrayList.forEach(ArrayList.java:1540)
... Removed 27 stack frames]]>
    </failure>
  </testcase> <!-- home_page_Status -->
  <testcase classname="testCases.Test_Count_All_The_Search_List_Item" name="Count_All_The_Search_List_Item" time="0.002">
    <failure type="java.lang.NullPointerException">
      <![CDATA[java.lang.NullPointerException
at testCases.Test_Count_All_The_Search_List_Item.Count_All_The_Search_List_Item(Test_Count_All_The_Search_List_Item.java:19)
at java.base/java.util.ArrayList.forEach(ArrayList.java:1540)
... Removed 27 stack frames]]>
    </failure>
  </testcase> <!-- Count_All_The_Search_List_Item -->
  <testcase classname="testCases.Test_Verfi_See" name="link" time="0.007"/>
  <testcase classname="testCases.Test_City_IsDisplayed" name="verifyTest_City_IsDisplayed" time="0.002">
    <failure type="java.lang.NullPointerException">
      <![CDATA[java.lang.NullPointerException
at testCases.Test_City_IsDisplayed.verifyTest_City_IsDisplayed(Test_City_IsDisplayed.java:16)
at java.base/java.util.ArrayList.forEach(ArrayList.java:1540)
... Removed 27 stack frames]]>
    </failure>
  </testcase> <!-- verifyTest_City_IsDisplayed -->
  <testcase classname="testCases.Test_City_IsDisplayed" name="verifyTest_City_IsEnabled" time="0.004">
    <failure type="java.lang.NullPointerException">
      <![CDATA[java.lang.NullPointerException
at testCases.Test_City_IsDisplayed.verifyTest_City_IsEnabled(Test_City_IsDisplayed.java:25)
at java.base/java.util.ArrayList.forEach(ArrayList.java:1540)
... Removed 27 stack frames]]>
    </failure>
  </testcase> <!-- verifyTest_City_IsEnabled -->
  <testcase classname="testCases.Test_Search_Results_Pagegination" name="Search_Results_Pagegination_IsDisplayed" time="0.001">
    <failure type="java.lang.NullPointerException">
      <![CDATA[java.lang.NullPointerException
at testCases.Test_Search_Results_Pagegination.Search_Results_Pagegination_IsDisplayed(Test_Search_Results_Pagegination.java:19)
at java.base/java.util.ArrayList.forEach(ArrayList.java:1540)
... Removed 27 stack frames]]>
    </failure>
  </testcase> <!-- Search_Results_Pagegination_IsDisplayed -->
  <testcase classname="testCases.Test_Search_Results_Pagegination" name="next_boutton_IsDisplayed" time="0.002">
    <failure type="java.lang.NullPointerException">
      <![CDATA[java.lang.NullPointerException
at testCases.Test_Search_Results_Pagegination.next_boutton_IsDisplayed(Test_Search_Results_Pagegination.java:33)
at java.base/java.util.ArrayList.forEach(ArrayList.java:1540)
... Removed 27 stack frames]]>
    </failure>
  </testcase> <!-- next_boutton_IsDisplayed -->
  <testcase classname="testCases.Test_Search_Results_Pagegination" name="next_boutton_Enabled" time="0.001">
    <failure type="java.lang.NullPointerException">
      <![CDATA[java.lang.NullPointerException
at testCases.Test_Search_Results_Pagegination.next_boutton_Enabled(Test_Search_Results_Pagegination.java:42)
at java.base/java.util.ArrayList.forEach(ArrayList.java:1540)
... Removed 27 stack frames]]>
    </failure>
  </testcase> <!-- next_boutton_Enabled -->
  <testcase classname="testCases.Test_Search_Results_Pagegination" name="previous_Button_IsDisplayed" time="0.001">
    <failure type="java.lang.NullPointerException">
      <![CDATA[java.lang.NullPointerException
at testCases.Test_Search_Results_Pagegination.previous_Button_IsDisplayed(Test_Search_Results_Pagegination.java:50)
at java.base/java.util.ArrayList.forEach(ArrayList.java:1540)
... Removed 27 stack frames]]>
    </failure>
  </testcase> <!-- previous_Button_IsDisplayed -->
  <testcase classname="testCases.Test_Search_Results_Pagegination" name="previous_Button_isEnabled" time="0.001">
    <failure type="java.lang.NullPointerException">
      <![CDATA[java.lang.NullPointerException
at testCases.Test_Search_Results_Pagegination.previous_Button_isEnabled(Test_Search_Results_Pagegination.java:60)
at java.base/java.util.ArrayList.forEach(ArrayList.java:1540)
... Removed 27 stack frames]]>
    </failure>
  </testcase> <!-- previous_Button_isEnabled -->
  <testcase classname="testCases.Test_Searched_Item_Title_Bar" name="Searched_Item" time="0.002">
    <failure type="java.lang.NullPointerException">
      <![CDATA[java.lang.NullPointerException
at testCases.Test_Searched_Item_Title_Bar.Searched_Item(Test_Searched_Item_Title_Bar.java:25)
at java.base/java.util.ArrayList.forEach(ArrayList.java:1540)
... Removed 27 stack frames]]>
    </failure>
  </testcase> <!-- Searched_Item -->
  <testcase classname="testCases.Test_Language_Change_E2E" name="Language_Change" time="5.007">
    <failure type="java.lang.NullPointerException">
      <![CDATA[java.lang.NullPointerException
at testCases.Test_Language_Change_E2E.Language_Change(Test_Language_Change_E2E.java:21)
at java.base/java.util.ArrayList.forEach(ArrayList.java:1540)
... Removed 27 stack frames]]>
    </failure>
  </testcase> <!-- Language_Change -->
  <testcase classname="testCases.Test_CL_Worlwide_Is_Displayed" name="center" time="0.001">
    <failure type="java.lang.NullPointerException">
      <![CDATA[java.lang.NullPointerException
at testCases.Test_CL_Worlwide_Is_Displayed.center(Test_CL_Worlwide_Is_Displayed.java:35)
at java.base/java.util.ArrayList.forEach(ArrayList.java:1540)
... Removed 27 stack frames]]>
    </failure>
  </testcase> <!-- center -->
  <testcase classname="testCases.Test_CL_Worlwide_Is_Displayed" name="verify_CL_Worlwide_Is_Displayed" time="0.002">
    <failure type="java.lang.NullPointerException">
      <![CDATA[java.lang.NullPointerException
at testCases.Test_CL_Worlwide_Is_Displayed.verify_CL_Worlwide_Is_Displayed(Test_CL_Worlwide_Is_Displayed.java:21)
at java.base/java.util.ArrayList.forEach(ArrayList.java:1540)
... Removed 27 stack frames]]>
    </failure>
  </testcase> <!-- verify_CL_Worlwide_Is_Displayed -->
  <testcase classname="testCases.Test_Save_Search_Properly" name="Save_Search_IsDisplayed" time="0.001">
    <failure type="java.lang.NullPointerException">
      <![CDATA[java.lang.NullPointerException
at testCases.Test_Save_Search_Properly.Save_Search_IsDisplayed(Test_Save_Search_Properly.java:23)
at java.base/java.util.ArrayList.forEach(ArrayList.java:1540)
... Removed 27 stack frames]]>
    </failure>
  </testcase> <!-- Save_Search_IsDisplayed -->
  <testcase classname="testCases.Test_Verify_All_Links" name="verify_all__links_of_the_page" time="0.002">
    <failure type="java.lang.NullPointerException">
      <![CDATA[java.lang.NullPointerException
at testCases.Test_Verify_All_Links.verify_all__links_of_the_page(Test_Verify_All_Links.java:23)
at java.base/java.util.ArrayList.forEach(ArrayList.java:1540)
... Removed 27 stack frames]]>
    </failure>
  </testcase> <!-- verify_all__links_of_the_page -->
  <testcase classname="testCases.Test_Next_And_Previous_Button" name="Next_And_Previous_Button" time="0.002">
    <failure type="java.lang.NullPointerException">
      <![CDATA[java.lang.NullPointerException
at testCases.Test_Next_And_Previous_Button.Next_And_Previous_Button(Test_Next_And_Previous_Button.java:16)
at java.base/java.util.ArrayList.forEach(ArrayList.java:1540)
... Removed 27 stack frames]]>
    </failure>
  </testcase> <!-- Next_And_Previous_Button -->
</testsuite> <!-- Test -->
